<?xml version="1.0" encoding="UTF-8"?>
<!-- Generated by org.testng.reporters.JUnitReportReporter -->
<testsuite hostname="CSPC150" name="testcases.Post_Request_Test" tests="2" failures="0" timestamp="2 Mar 2022 12:07:52 GMT" time="5.626" errors="0">
  <testcase name="testPostData" time="1.192" classname="testcases.Post_Request_Test"/>
  <testcase name="testPostData" time="4.434" classname="testcases.Post_Request_Test"/>
</testsuite> <!-- testcases.Post_Request_Test -->
