<?xml version="1.0" encoding="UTF-8"?>
<!-- Generated by org.testng.reporters.JUnitReportReporter -->
<testsuite skipped="0" hostname="CSPC150" name="testcases.Get_Request_Test" tests="4" failures="0" timestamp="04 Mar 2022 04:39:43 GMT" time="0.022" errors="0">
  <testcase name="checkContentType" time="0.003" classname="testcases.Get_Request_Test"/>
  <testcase name="checkResponseBody" time="0.015" classname="testcases.Get_Request_Test"/>
  <testcase name="checkStatusCode" time="0.001" classname="testcases.Get_Request_Test"/>
  <testcase name="checkResponseTime" time="0.003" classname="testcases.Get_Request_Test"/>
</testsuite> <!-- testcases.Get_Request_Test -->
